[debug] [2023-03-28T14:49:55.667Z] ----------------------------------------------------------------------
[debug] [2023-03-28T14:49:55.672Z] Command:       C:\Program Files\nodejs\node.exe C:\Users\subham\AppData\Roaming\npm\node_modules\firebase-tools\lib\bin\firebase.js init
[debug] [2023-03-28T14:49:55.674Z] CLI Version:   11.25.1
[debug] [2023-03-28T14:49:55.674Z] Platform:      win32
[debug] [2023-03-28T14:49:55.674Z] Node Version:  v16.13.2
[debug] [2023-03-28T14:49:55.677Z] Time:          Tue Mar 28 2023 20:19:55 GMT+0530 (India Standard Time)
[debug] [2023-03-28T14:49:55.677Z] ----------------------------------------------------------------------
[debug] 
[debug] [2023-03-28T14:49:55.735Z] > command requires scopes: ["email","openid","https://www.googleapis.com/auth/cloudplatformprojects.readonly","https://www.googleapis.com/auth/firebase","https://www.googleapis.com/auth/cloud-platform"]
[debug] [2023-03-28T14:49:55.736Z] > authorizing via signed-in user (shubham16290@gmail.com)
[info] 
     ######## #### ########  ######## ########     ###     ######  ########
     ##        ##  ##     ## ##       ##     ##  ##   ##  ##       ##
     ######    ##  ########  ######   ########  #########  ######  ######
     ##        ##  ##    ##  ##       ##     ## ##     ##       ## ##
     ##       #### ##     ## ######## ########  ##     ##  ######  ########

You're about to initialize a Firebase project in this directory:

  C:\Users\subham\Documents\NodeJsU\Newsletter\Public

[info] 
=== Project Setup
[info] 
[info] First, let's associate this project directory with a Firebase project.
[info] You can create multiple project aliases by running firebase use --add, 
[info] but for now we'll just set up a default project.
[info] 
[debug] [2023-03-28T14:50:34.304Z] > refreshing access token with scopes: []
[debug] [2023-03-28T14:50:34.309Z] >>> [apiv2][query] POST https://www.googleapis.com/oauth2/v3/token [none]
[debug] [2023-03-28T14:50:34.309Z] >>> [apiv2][body] POST https://www.googleapis.com/oauth2/v3/token [omitted]
[debug] [2023-03-28T14:50:34.731Z] <<< [apiv2][status] POST https://www.googleapis.com/oauth2/v3/token 200
[debug] [2023-03-28T14:50:34.732Z] <<< [apiv2][body] POST https://www.googleapis.com/oauth2/v3/token [omitted]
[debug] [2023-03-28T14:50:34.763Z] >>> [apiv2][query] GET https://firebase.googleapis.com/v1beta1/projects pageSize=100
[debug] [2023-03-28T14:50:35.636Z] <<< [apiv2][status] GET https://firebase.googleapis.com/v1beta1/projects 200
[debug] [2023-03-28T14:50:35.637Z] <<< [apiv2][body] GET https://firebase.googleapis.com/v1beta1/projects [omitted]
[info] i  Using project newsletter-b3350 (newsletter) 
[info] 
=== Hosting Setup
[info] 
[info] Your public directory is the folder (relative to your project directory) that
[info] will contain Hosting assets to be uploaded with firebase deploy. If you
[info] have a build process for your assets, use your build's output directory.
[info] 
[info] +  Wrote public/404.html 
[debug] [2023-03-28T14:52:35.200Z] >>> [apiv2][query] GET https://www.gstatic.com/firebasejs/releases.json [none]
[debug] [2023-03-28T14:52:35.407Z] <<< [apiv2][status] GET https://www.gstatic.com/firebasejs/releases.json 200
[debug] [2023-03-28T14:52:35.408Z] <<< [apiv2][body] GET https://www.gstatic.com/firebasejs/releases.json {"current":{"version":"9.18.0","browserURL":"https://www.gstatic.com/firebasejs/9.18.0/firebase.js","packageURL":"https://www.gstatic.com/firebasejs/9.18.0/firebase.tgz"},"live":{"version":"9.18","browserURL":"https://www.gstatic.com/firebasejs/live/9.18/firebase.js","packageURL":"https://www.gstatic.com/firebasejs/live/9.18/firebase.tgz"},"components":{"analytics":"https://www.gstatic.com/firebasejs/9.18.0/firebase-analytics.js","app":"https://www.gstatic.com/firebasejs/9.18.0/firebase-app.js","app-check":"https://www.gstatic.com/firebasejs/9.18.0/firebase-app-check.js","auth":"https://www.gstatic.com/firebasejs/9.18.0/firebase-auth.js","auth/cordova":"https://www.gstatic.com/firebasejs/9.18.0/firebase-auth/cordova.js","auth/react-native":"https://www.gstatic.com/firebasejs/9.18.0/firebase-auth/react-native.js","functions":"https://www.gstatic.com/firebasejs/9.18.0/firebase-functions.js","firestore":"https://www.gstatic.com/firebasejs/9.18.0/firebase-firestore.js","firestore/lite":"https://www.gstatic.com/firebasejs/9.18.0/firebase-firestore/lite.js","installations":"https://www.gstatic.com/firebasejs/9.18.0/firebase-installations.js","storage":"https://www.gstatic.com/firebasejs/9.18.0/firebase-storage.js","performance":"https://www.gstatic.com/firebasejs/9.18.0/firebase-performance.js","remote-config":"https://www.gstatic.com/firebasejs/9.18.0/firebase-remote-config.js","messaging":"https://www.gstatic.com/firebasejs/9.18.0/firebase-messaging.js","messaging/sw":"https://www.gstatic.com/firebasejs/9.18.0/firebase-messaging/sw.js","database":"https://www.gstatic.com/firebasejs/9.18.0/firebase-database.js","firestore.memory":"https://www.gstatic.com/firebasejs/9.18.0/firebase-firestore.memory.js"}}
[info] +  Wrote public/index.html 
[info] 
[info] i  Detected a .git folder at C:\Users\subham\Documents\NodeJsU\Newsletter 
[info] i  Authorizing with GitHub to upload your service account to a GitHub repository's secrets store. 
[info] 
[info] Visit this URL on this device to log in:
[info] https://github.com/login/oauth/authorize?client_id=89cf50f02ac6aaed3484&state=181875213&redirect_uri=http%3A%2F%2Flocalhost%3A9005&scope=read%3Auser%20repo%20public_repo
[info] 
[info] Waiting for authentication...
[debug] [2023-03-28T14:52:53.163Z] >>> [apiv2][query] POST https://github.com/login/oauth/access_token [none]
[debug] [2023-03-28T14:52:53.164Z] >>> [apiv2][body] POST https://github.com/login/oauth/access_token [stream]
[debug] [2023-03-28T14:52:53.596Z] <<< [apiv2][status] POST https://github.com/login/oauth/access_token 200
[debug] [2023-03-28T14:52:53.597Z] <<< [apiv2][body] POST https://github.com/login/oauth/access_token {"access_token":"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","token_type":"bearer","scope":"read:user,repo"}
[debug] [2023-03-28T14:52:53.668Z] >>> [apiv2][query] GET https://api.github.com/user [none]
[debug] [2023-03-28T14:52:54.176Z] <<< [apiv2][status] GET https://api.github.com/user 200
[debug] [2023-03-28T14:52:54.177Z] <<< [apiv2][body] GET https://api.github.com/user {"login":"gitshubham45","id":92252395,"node_id":"U_kgDOBX-o6w","avatar_url":"https://avatars.githubusercontent.com/u/92252395?v=4","gravatar_id":"","url":"https://api.github.com/users/gitshubham45","html_url":"https://github.com/gitshubham45","followers_url":"https://api.github.com/users/gitshubham45/followers","following_url":"https://api.github.com/users/gitshubham45/following{/other_user}","gists_url":"https://api.github.com/users/gitshubham45/gists{/gist_id}","starred_url":"https://api.github.com/users/gitshubham45/starred{/owner}{/repo}","subscriptions_url":"https://api.github.com/users/gitshubham45/subscriptions","organizations_url":"https://api.github.com/users/gitshubham45/orgs","repos_url":"https://api.github.com/users/gitshubham45/repos","events_url":"https://api.github.com/users/gitshubham45/events{/privacy}","received_events_url":"https://api.github.com/users/gitshubham45/received_events","type":"User","site_admin":false,"name":null,"company":null,"blog":"","location":null,"email":null,"hireable":null,"bio":null,"twitter_username":null,"public_repos":3,"public_gists":0,"followers":0,"following":0,"created_at":"2021-10-10T10:23:28Z","updated_at":"2022-05-20T04:18:08Z","private_gists":0,"total_private_repos":0,"owned_private_repos":0,"disk_usage":11549,"collaborators":0,"two_factor_authentication":false,"plan":{"name":"free","space":976562499,"collaborators":0,"private_repos":10000}}
[info] 
[info] +  Success! Logged into GitHub as gitshubham45 
[info] 
[debug] [2023-03-28T14:53:14.914Z] >>> [apiv2][query] GET https://api.github.com/repos/newsletter/actions/secrets/public-key type=owner
[debug] [2023-03-28T14:53:15.372Z] <<< [apiv2][status] GET https://api.github.com/repos/newsletter/actions/secrets/public-key 404
[debug] [2023-03-28T14:53:15.373Z] <<< [apiv2][body] GET https://api.github.com/repos/newsletter/actions/secrets/public-key {"message":"Not Found","documentation_url":"https://docs.github.com/rest"}
[debug] [2023-03-28T14:53:19.316Z] >>> [apiv2][query] GET https://api.github.com/repos/newsletter/actions/secrets/public-key type=owner
[debug] [2023-03-28T14:53:19.750Z] <<< [apiv2][status] GET https://api.github.com/repos/newsletter/actions/secrets/public-key 404
[debug] [2023-03-28T14:53:19.751Z] <<< [apiv2][body] GET https://api.github.com/repos/newsletter/actions/secrets/public-key {"message":"Not Found","documentation_url":"https://docs.github.com/rest"}
[debug] [2023-03-28T14:53:47.009Z] >>> [apiv2][query] GET https://api.github.com/repos/gitshubham45/newsletter/actions/secrets/public-key type=owner
[debug] [2023-03-28T14:53:47.738Z] <<< [apiv2][status] GET https://api.github.com/repos/gitshubham45/newsletter/actions/secrets/public-key 404
[debug] [2023-03-28T14:53:47.739Z] <<< [apiv2][body] GET https://api.github.com/repos/gitshubham45/newsletter/actions/secrets/public-key {"message":"Not Found","documentation_url":"https://docs.github.com/rest/reference/actions#get-a-repository-public-key"}
